2020-06-24 11:39:26,698  INFO [main] CommonUtilities:25 - ##############################################################
2020-06-24 11:39:26,708  INFO [main] CommonUtilities:26 - Starting execution of Test Suite
2020-06-24 11:39:26,999  INFO [main] CommonUtilities:49 - Start: Trying to invoke Chrome Browser
2020-06-24 11:39:58,022  INFO [main] CommonUtilities:57 - Finish: Successfully invoked Chrome Browser
2020-06-24 11:39:58,023  INFO [main] CommonUtilities:78 - Start: Trying to maximize browser
2020-06-24 11:39:59,282  INFO [main] CommonUtilities:80 - End: Successfully maximized browser window
2020-06-24 11:39:59,309  INFO [main] CommonUtilities:103 - Start: Trying to navigate to URL- https://edulence.knowledgelink.tv/
2020-06-24 11:40:06,575  INFO [main] CommonUtilities:105 - End: Successfully navigated to URL- https://edulence.knowledgelink.tv/
2020-06-24 11:40:06,601  INFO [main] CommonUtilities:36 - ==============================================================
2020-06-24 11:40:06,602  INFO [main] CommonUtilities:37 - Executing Test Case : validateUserLoginElementsAreDisplayed
2020-06-24 11:40:06,613  INFO [main] CommonUtilities:130 - 	Start: Trying to locate element- By.id: email
2020-06-24 11:40:07,992  INFO [main] CommonUtilities:134 - 	End: Successfully located element- By.id: email
2020-06-24 11:40:08,202  INFO [main] CommonUtilities:130 - 	Start: Trying to locate element- By.id: password
2020-06-24 11:40:08,258  INFO [main] CommonUtilities:134 - 	End: Successfully located element- By.id: password
2020-06-24 11:40:08,377  INFO [main] CommonUtilities:43 - Successfully Executed Test Case : validateUserLoginElementsAreDisplayed
2020-06-24 11:40:08,377  INFO [main] CommonUtilities:44 - ==============================================================
2020-06-24 11:40:08,385  INFO [main] CommonUtilities:261 - Start: Trying to close browser
2020-06-24 11:40:09,094  INFO [main] CommonUtilities:263 - End: Successfully closed browser
2020-06-24 11:40:09,106  INFO [main] CommonUtilities:49 - Start: Trying to invoke Chrome Browser
2020-06-24 11:40:20,784  INFO [main] CommonUtilities:57 - Finish: Successfully invoked Chrome Browser
2020-06-24 11:40:20,786  INFO [main] CommonUtilities:78 - Start: Trying to maximize browser
2020-06-24 11:40:21,976  INFO [main] CommonUtilities:80 - End: Successfully maximized browser window
2020-06-24 11:40:21,995  INFO [main] CommonUtilities:103 - Start: Trying to navigate to URL- https://edulence.knowledgelink.tv/
2020-06-24 11:40:27,396  INFO [main] CommonUtilities:105 - End: Successfully navigated to URL- https://edulence.knowledgelink.tv/
2020-06-24 11:40:27,397  INFO [main] CommonUtilities:36 - ==============================================================
2020-06-24 11:40:27,397  INFO [main] CommonUtilities:37 - Executing Test Case : validateBrokenLinks
2020-06-24 11:40:27,398  INFO [main] CommonUtilities:160 - Start: Trying to insert data- demo@knowledgelink.tv in field - By.id: email
2020-06-24 11:40:27,399  INFO [main] CommonUtilities:130 - 	Start: Trying to locate element- By.id: email
2020-06-24 11:40:28,312  INFO [main] CommonUtilities:134 - 	End: Successfully located element- By.id: email
2020-06-24 11:40:29,049  INFO [main] CommonUtilities:163 - End: Successfully inserted data- demo@knowledgelink.tv in field - By.id: email
2020-06-24 11:40:29,049  INFO [main] CommonUtilities:160 - Start: Trying to insert data- 79Edulence in field - By.id: password
2020-06-24 11:40:29,049  INFO [main] CommonUtilities:130 - 	Start: Trying to locate element- By.id: password
2020-06-24 11:40:29,114  INFO [main] CommonUtilities:134 - 	End: Successfully located element- By.id: password
2020-06-24 11:40:29,368  INFO [main] CommonUtilities:163 - End: Successfully inserted data- 79Edulence in field - By.id: password
2020-06-24 11:40:29,369  INFO [main] CommonUtilities:172 - Start: Trying to click element- By.xpath: //button[@type='submit']
2020-06-24 11:40:29,370  INFO [main] CommonUtilities:130 - 	Start: Trying to locate element- By.xpath: //button[@type='submit']
2020-06-24 11:40:29,563  INFO [main] CommonUtilities:134 - 	End: Successfully located element- By.xpath: //button[@type='submit']
2020-06-24 11:40:29,743  INFO [main] CommonUtilities:174 - End: Successfully clicked on element- By.xpath: //button[@type='submit']
2020-06-24 11:40:29,744  INFO [main] CommonUtilities:172 - Start: Trying to click element- By.xpath: //button[@ng-click='submit()']
2020-06-24 11:40:29,744  INFO [main] CommonUtilities:130 - 	Start: Trying to locate element- By.xpath: //button[@ng-click='submit()']
2020-06-24 11:40:39,444  INFO [main] CommonUtilities:134 - 	End: Successfully located element- By.xpath: //button[@ng-click='submit()']
2020-06-24 11:40:39,569  INFO [main] CommonUtilities:174 - End: Successfully clicked on element- By.xpath: //button[@ng-click='submit()']
2020-06-24 11:41:05,937  INFO [main] CommonUtilities:43 - Successfully Executed Test Case : validateBrokenLinks
2020-06-24 11:41:05,940  INFO [main] CommonUtilities:44 - ==============================================================
2020-06-24 11:41:05,942  INFO [main] CommonUtilities:261 - Start: Trying to close browser
2020-06-24 11:41:06,651  INFO [main] CommonUtilities:263 - End: Successfully closed browser
2020-06-24 11:41:06,653  INFO [main] CommonUtilities:49 - Start: Trying to invoke Chrome Browser
2020-06-24 11:41:09,904  INFO [main] CommonUtilities:57 - Finish: Successfully invoked Chrome Browser
2020-06-24 11:41:09,904  INFO [main] CommonUtilities:78 - Start: Trying to maximize browser
2020-06-24 11:41:11,054  INFO [main] CommonUtilities:80 - End: Successfully maximized browser window
2020-06-24 11:41:11,098  INFO [main] CommonUtilities:103 - Start: Trying to navigate to URL- https://edulence.knowledgelink.tv/
2020-06-24 11:41:19,123  INFO [main] CommonUtilities:105 - End: Successfully navigated to URL- https://edulence.knowledgelink.tv/
2020-06-24 11:41:19,124  INFO [main] CommonUtilities:36 - ==============================================================
2020-06-24 11:41:19,124  INFO [main] CommonUtilities:37 - Executing Test Case : validateUserLogin
2020-06-24 11:41:19,125  INFO [main] CommonUtilities:160 - Start: Trying to insert data- demo@knowledgelink.tv in field - By.id: email
2020-06-24 11:41:19,125  INFO [main] CommonUtilities:130 - 	Start: Trying to locate element- By.id: email
2020-06-24 11:41:21,263  INFO [main] CommonUtilities:134 - 	End: Successfully located element- By.id: email
2020-06-24 11:41:21,758  INFO [main] CommonUtilities:163 - End: Successfully inserted data- demo@knowledgelink.tv in field - By.id: email
2020-06-24 11:41:21,759  INFO [main] CommonUtilities:160 - Start: Trying to insert data- 79Edulence in field - By.id: password
2020-06-24 11:41:21,759  INFO [main] CommonUtilities:130 - 	Start: Trying to locate element- By.id: password
2020-06-24 11:41:21,812  INFO [main] CommonUtilities:134 - 	End: Successfully located element- By.id: password
2020-06-24 11:41:22,173  INFO [main] CommonUtilities:163 - End: Successfully inserted data- 79Edulence in field - By.id: password
2020-06-24 11:41:22,173  INFO [main] CommonUtilities:172 - Start: Trying to click element- By.xpath: //button[@type='submit']
2020-06-24 11:41:22,173  INFO [main] CommonUtilities:130 - 	Start: Trying to locate element- By.xpath: //button[@type='submit']
2020-06-24 11:41:22,399  INFO [main] CommonUtilities:134 - 	End: Successfully located element- By.xpath: //button[@type='submit']
2020-06-24 11:41:22,531  INFO [main] CommonUtilities:174 - End: Successfully clicked on element- By.xpath: //button[@type='submit']
2020-06-24 11:41:22,532  INFO [main] CommonUtilities:172 - Start: Trying to click element- By.xpath: //button[@ng-click='submit()']
2020-06-24 11:41:22,532  INFO [main] CommonUtilities:130 - 	Start: Trying to locate element- By.xpath: //button[@ng-click='submit()']
2020-06-24 11:41:28,860  INFO [main] CommonUtilities:134 - 	End: Successfully located element- By.xpath: //button[@ng-click='submit()']
2020-06-24 11:41:29,355  INFO [main] CommonUtilities:174 - End: Successfully clicked on element- By.xpath: //button[@ng-click='submit()']
2020-06-24 11:41:29,356  INFO [main] CommonUtilities:252 - Fetching the URL of the webpage
2020-06-24 11:41:29,390  INFO [main] CommonUtilities:43 - Successfully Executed Test Case : validateUserLogin
2020-06-24 11:41:29,391  INFO [main] CommonUtilities:44 - ==============================================================
2020-06-24 11:41:29,391  INFO [main] CommonUtilities:261 - Start: Trying to close browser
2020-06-24 11:41:30,362  INFO [main] CommonUtilities:263 - End: Successfully closed browser
2020-06-24 11:41:30,801  INFO [main] CommonUtilities:96 - Finished execution of Test Suite
2020-06-24 11:41:30,801  INFO [main] CommonUtilities:97 - ##############################################################
2020-06-24 11:41:30,898 DEBUG [main] cache:45 - Couldn't find template in cache for "Extent.ftl"("en_US", UTF-8, parsed); will try to load it.
2020-06-24 11:41:30,901 DEBUG [main] cache:45 - TemplateLoader.findTemplateSource("Extent_en_US.ftl"): Not found
2020-06-24 11:41:30,904 DEBUG [main] cache:45 - TemplateLoader.findTemplateSource("Extent_en.ftl"): Not found
2020-06-24 11:41:30,935 DEBUG [main] cache:45 - TemplateLoader.findTemplateSource("Extent.ftl"): Found
2020-06-24 11:41:30,936 DEBUG [main] cache:45 - Loading template for "Extent.ftl"("en_US", UTF-8, parsed) from "jar:file:/C:/Users/Piyush/.m2/repository/com/relevantcodes/extentreports/2.41.2/extentreports-2.41.2.jar!/com/relevantcodes/extentreports/view/Extent.ftl"
2020-06-24 22:10:58,409  INFO [main] CommonUtilities:25 - ##############################################################
2020-06-24 22:10:58,465  INFO [main] CommonUtilities:26 - Starting execution of Test Suite
2020-06-24 22:10:59,162  INFO [main] CommonUtilities:49 - Start: Trying to invoke Chrome Browser
2020-06-24 22:11:29,776  INFO [main] CommonUtilities:57 - Finish: Successfully invoked Chrome Browser
2020-06-24 22:11:29,796  INFO [main] CommonUtilities:78 - Start: Trying to maximize browser
2020-06-24 22:11:31,047  INFO [main] CommonUtilities:80 - End: Successfully maximized browser window
2020-06-24 22:11:31,125  INFO [main] CommonUtilities:103 - Start: Trying to navigate to URL- https://edulence.knowledgelink.tv/
2020-06-24 22:11:38,977  INFO [main] CommonUtilities:105 - End: Successfully navigated to URL- https://edulence.knowledgelink.tv/
2020-06-24 22:11:39,032  INFO [main] CommonUtilities:36 - ==============================================================
2020-06-24 22:11:39,032  INFO [main] CommonUtilities:37 - Executing Test Case : validateUserLoginElementsAreDisplayed
2020-06-24 22:11:39,047  INFO [main] CommonUtilities:130 - 	Start: Trying to locate element- By.id: email
2020-06-24 22:11:39,836  INFO [main] CommonUtilities:134 - 	End: Successfully located element- By.id: email
2020-06-24 22:11:39,962  INFO [main] CommonUtilities:130 - 	Start: Trying to locate element- By.id: password
2020-06-24 22:11:40,186  INFO [main] CommonUtilities:134 - 	End: Successfully located element- By.id: password
2020-06-24 22:11:40,276  INFO [main] CommonUtilities:43 - Successfully Executed Test Case : validateUserLoginElementsAreDisplayed
2020-06-24 22:11:40,276  INFO [main] CommonUtilities:44 - ==============================================================
2020-06-24 22:11:40,284  INFO [main] CommonUtilities:261 - Start: Trying to close browser
2020-06-24 22:11:41,395  INFO [main] CommonUtilities:263 - End: Successfully closed browser
2020-06-24 22:11:41,400  INFO [main] CommonUtilities:49 - Start: Trying to invoke Chrome Browser
2020-06-24 22:11:49,138  INFO [main] CommonUtilities:57 - Finish: Successfully invoked Chrome Browser
2020-06-24 22:11:49,138  INFO [main] CommonUtilities:78 - Start: Trying to maximize browser
2020-06-24 22:11:50,300  INFO [main] CommonUtilities:80 - End: Successfully maximized browser window
2020-06-24 22:11:50,323  INFO [main] CommonUtilities:103 - Start: Trying to navigate to URL- https://edulence.knowledgelink.tv/
2020-06-24 22:12:08,891  INFO [main] CommonUtilities:105 - End: Successfully navigated to URL- https://edulence.knowledgelink.tv/
2020-06-24 22:12:08,892  INFO [main] CommonUtilities:36 - ==============================================================
2020-06-24 22:12:08,894  INFO [main] CommonUtilities:37 - Executing Test Case : validateBrokenLinks
2020-06-24 22:12:08,895  INFO [main] CommonUtilities:160 - Start: Trying to insert data- demo@knowledgelink.tv in field - By.id: email
2020-06-24 22:12:08,895  INFO [main] CommonUtilities:130 - 	Start: Trying to locate element- By.id: email
2020-06-24 22:12:09,755  INFO [main] CommonUtilities:134 - 	End: Successfully located element- By.id: email
2020-06-24 22:12:10,325  INFO [main] CommonUtilities:163 - End: Successfully inserted data- demo@knowledgelink.tv in field - By.id: email
2020-06-24 22:12:10,326  INFO [main] CommonUtilities:160 - Start: Trying to insert data- 79Edulence in field - By.id: password
2020-06-24 22:12:10,326  INFO [main] CommonUtilities:130 - 	Start: Trying to locate element- By.id: password
2020-06-24 22:12:10,369  INFO [main] CommonUtilities:134 - 	End: Successfully located element- By.id: password
2020-06-24 22:12:10,545  INFO [main] CommonUtilities:163 - End: Successfully inserted data- 79Edulence in field - By.id: password
2020-06-24 22:12:10,546  INFO [main] CommonUtilities:172 - Start: Trying to click element- By.xpath: //button[@type='submit']
2020-06-24 22:12:10,546  INFO [main] CommonUtilities:130 - 	Start: Trying to locate element- By.xpath: //button[@type='submit']
2020-06-24 22:12:10,701  INFO [main] CommonUtilities:134 - 	End: Successfully located element- By.xpath: //button[@type='submit']
2020-06-24 22:12:15,881  INFO [main] CommonUtilities:174 - End: Successfully clicked on element- By.xpath: //button[@type='submit']
2020-06-24 22:12:15,883  INFO [main] CommonUtilities:172 - Start: Trying to click element- By.xpath: //button[@ng-click='submit()']
2020-06-24 22:12:15,883  INFO [main] CommonUtilities:130 - 	Start: Trying to locate element- By.xpath: //button[@ng-click='submit()']
2020-06-24 22:12:36,665 ERROR [main] CommonUtilities:52 - Test Case execution Failed : validateBrokenLinks
2020-06-24 22:12:36,667 ERROR [main] CommonUtilities:53 - ======================     FAILED    =========================
2020-06-24 22:12:36,668 ERROR [main] CommonUtilities:54 - ==============================================================
2020-06-24 22:12:37,184  INFO [main] CommonUtilities:261 - Start: Trying to close browser
2020-06-24 22:12:37,868  INFO [main] CommonUtilities:263 - End: Successfully closed browser
2020-06-24 22:12:37,873  INFO [main] CommonUtilities:49 - Start: Trying to invoke Chrome Browser
2020-06-24 22:12:40,857  INFO [main] CommonUtilities:57 - Finish: Successfully invoked Chrome Browser
2020-06-24 22:12:40,858  INFO [main] CommonUtilities:78 - Start: Trying to maximize browser
2020-06-24 22:12:42,033  INFO [main] CommonUtilities:80 - End: Successfully maximized browser window
2020-06-24 22:12:42,057  INFO [main] CommonUtilities:103 - Start: Trying to navigate to URL- https://edulence.knowledgelink.tv/
2020-06-24 22:12:47,212  INFO [main] CommonUtilities:105 - End: Successfully navigated to URL- https://edulence.knowledgelink.tv/
2020-06-24 22:12:47,216  INFO [main] CommonUtilities:36 - ==============================================================
2020-06-24 22:12:47,216  INFO [main] CommonUtilities:37 - Executing Test Case : validateUserLogin
2020-06-24 22:12:47,217  INFO [main] CommonUtilities:160 - Start: Trying to insert data- demo@knowledgelink.tv in field - By.id: email
2020-06-24 22:12:47,218  INFO [main] CommonUtilities:130 - 	Start: Trying to locate element- By.id: email
2020-06-24 22:12:48,118  INFO [main] CommonUtilities:134 - 	End: Successfully located element- By.id: email
2020-06-24 22:12:48,486  INFO [main] CommonUtilities:163 - End: Successfully inserted data- demo@knowledgelink.tv in field - By.id: email
2020-06-24 22:12:48,486  INFO [main] CommonUtilities:160 - Start: Trying to insert data- 79Edulence in field - By.id: password
2020-06-24 22:12:48,486  INFO [main] CommonUtilities:130 - 	Start: Trying to locate element- By.id: password
2020-06-24 22:12:48,537  INFO [main] CommonUtilities:134 - 	End: Successfully located element- By.id: password
2020-06-24 22:12:48,871  INFO [main] CommonUtilities:163 - End: Successfully inserted data- 79Edulence in field - By.id: password
2020-06-24 22:12:48,871  INFO [main] CommonUtilities:172 - Start: Trying to click element- By.xpath: //button[@type='submit']
2020-06-24 22:12:48,872  INFO [main] CommonUtilities:130 - 	Start: Trying to locate element- By.xpath: //button[@type='submit']
2020-06-24 22:12:48,940  INFO [main] CommonUtilities:134 - 	End: Successfully located element- By.xpath: //button[@type='submit']
2020-06-24 22:12:49,068  INFO [main] CommonUtilities:174 - End: Successfully clicked on element- By.xpath: //button[@type='submit']
2020-06-24 22:12:49,070  INFO [main] CommonUtilities:172 - Start: Trying to click element- By.xpath: //button[@ng-click='submit()']
2020-06-24 22:12:49,070  INFO [main] CommonUtilities:130 - 	Start: Trying to locate element- By.xpath: //button[@ng-click='submit()']
2020-06-24 22:12:56,638  INFO [main] CommonUtilities:134 - 	End: Successfully located element- By.xpath: //button[@ng-click='submit()']
2020-06-24 22:12:57,251  INFO [main] CommonUtilities:174 - End: Successfully clicked on element- By.xpath: //button[@ng-click='submit()']
2020-06-24 22:12:57,251  INFO [main] CommonUtilities:252 - Fetching the URL of the webpage
2020-06-24 22:12:57,307  INFO [main] CommonUtilities:43 - Successfully Executed Test Case : validateUserLogin
2020-06-24 22:12:57,308  INFO [main] CommonUtilities:44 - ==============================================================
2020-06-24 22:12:57,308  INFO [main] CommonUtilities:261 - Start: Trying to close browser
2020-06-24 22:12:57,983  INFO [main] CommonUtilities:263 - End: Successfully closed browser
2020-06-24 22:12:58,260  INFO [main] CommonUtilities:96 - Finished execution of Test Suite
2020-06-24 22:12:58,260  INFO [main] CommonUtilities:97 - ##############################################################
2020-06-24 22:12:58,373 DEBUG [main] cache:45 - Couldn't find template in cache for "Extent.ftl"("en_US", UTF-8, parsed); will try to load it.
2020-06-24 22:12:58,376 DEBUG [main] cache:45 - TemplateLoader.findTemplateSource("Extent_en_US.ftl"): Not found
2020-06-24 22:12:58,378 DEBUG [main] cache:45 - TemplateLoader.findTemplateSource("Extent_en.ftl"): Not found
2020-06-24 22:12:58,381 DEBUG [main] cache:45 - TemplateLoader.findTemplateSource("Extent.ftl"): Found
2020-06-24 22:12:58,381 DEBUG [main] cache:45 - Loading template for "Extent.ftl"("en_US", UTF-8, parsed) from "jar:file:/C:/Users/Piyush/.m2/repository/com/relevantcodes/extentreports/2.41.2/extentreports-2.41.2.jar!/com/relevantcodes/extentreports/view/Extent.ftl"
2020-06-24 22:59:48,282  INFO [main] CommonUtilities:25 - ##############################################################
2020-06-24 22:59:48,422  INFO [main] CommonUtilities:26 - Starting execution of Test Suite
2020-06-24 22:59:48,670  INFO [main] CommonUtilities:49 - Start: Trying to invoke Chrome Browser
2020-06-24 22:59:57,781  INFO [main] CommonUtilities:57 - Finish: Successfully invoked Chrome Browser
2020-06-24 22:59:57,783  INFO [main] CommonUtilities:78 - Start: Trying to maximize browser
2020-06-24 22:59:58,931  INFO [main] CommonUtilities:80 - End: Successfully maximized browser window
2020-06-24 22:59:58,956  INFO [main] CommonUtilities:103 - Start: Trying to navigate to URL- https://edulence.knowledgelink.tv/
2020-06-24 23:00:04,724  INFO [main] CommonUtilities:105 - End: Successfully navigated to URL- https://edulence.knowledgelink.tv/
2020-06-24 23:00:04,736  INFO [main] CommonUtilities:36 - ==============================================================
2020-06-24 23:00:04,736  INFO [main] CommonUtilities:37 - Executing Test Case : validateUserLoginElementsAreDisplayed
2020-06-24 23:00:04,750  INFO [main] CommonUtilities:130 - 	Start: Trying to locate element- By.id: email
2020-06-24 23:00:05,761  INFO [main] CommonUtilities:134 - 	End: Successfully located element- By.id: email
2020-06-24 23:00:05,845  INFO [main] CommonUtilities:130 - 	Start: Trying to locate element- By.id: password
2020-06-24 23:00:05,886  INFO [main] CommonUtilities:134 - 	End: Successfully located element- By.id: password
2020-06-24 23:00:05,937  INFO [main] CommonUtilities:43 - Successfully Executed Test Case : validateUserLoginElementsAreDisplayed
2020-06-24 23:00:05,937  INFO [main] CommonUtilities:44 - ==============================================================
2020-06-24 23:00:05,943  INFO [main] CommonUtilities:261 - Start: Trying to close browser
2020-06-24 23:00:06,737  INFO [main] CommonUtilities:263 - End: Successfully closed browser
2020-06-24 23:00:06,740  INFO [main] CommonUtilities:49 - Start: Trying to invoke Chrome Browser
2020-06-24 23:00:13,350  INFO [main] CommonUtilities:57 - Finish: Successfully invoked Chrome Browser
2020-06-24 23:00:13,350  INFO [main] CommonUtilities:78 - Start: Trying to maximize browser
2020-06-24 23:00:14,595  INFO [main] CommonUtilities:80 - End: Successfully maximized browser window
2020-06-24 23:00:14,616  INFO [main] CommonUtilities:103 - Start: Trying to navigate to URL- https://edulence.knowledgelink.tv/
2020-06-24 23:00:19,905  INFO [main] CommonUtilities:105 - End: Successfully navigated to URL- https://edulence.knowledgelink.tv/
2020-06-24 23:00:19,906  INFO [main] CommonUtilities:36 - ==============================================================
2020-06-24 23:00:19,906  INFO [main] CommonUtilities:37 - Executing Test Case : validateBrokenLinks
2020-06-24 23:00:19,907  INFO [main] CommonUtilities:160 - Start: Trying to insert data- demo@knowledgelink.tv in field - By.id: email
2020-06-24 23:00:19,907  INFO [main] CommonUtilities:130 - 	Start: Trying to locate element- By.id: email
2020-06-24 23:00:20,817  INFO [main] CommonUtilities:134 - 	End: Successfully located element- By.id: email
2020-06-24 23:00:21,203  INFO [main] CommonUtilities:163 - End: Successfully inserted data- demo@knowledgelink.tv in field - By.id: email
2020-06-24 23:00:21,204  INFO [main] CommonUtilities:160 - Start: Trying to insert data- 79Edulence in field - By.id: password
2020-06-24 23:00:21,204  INFO [main] CommonUtilities:130 - 	Start: Trying to locate element- By.id: password
2020-06-24 23:00:21,260  INFO [main] CommonUtilities:134 - 	End: Successfully located element- By.id: password
2020-06-24 23:00:21,506  INFO [main] CommonUtilities:163 - End: Successfully inserted data- 79Edulence in field - By.id: password
2020-06-24 23:00:21,507  INFO [main] CommonUtilities:172 - Start: Trying to click element- By.xpath: //button[@type='submit']
2020-06-24 23:00:21,507  INFO [main] CommonUtilities:130 - 	Start: Trying to locate element- By.xpath: //button[@type='submit']
2020-06-24 23:00:21,564  INFO [main] CommonUtilities:134 - 	End: Successfully located element- By.xpath: //button[@type='submit']
2020-06-24 23:00:21,679  INFO [main] CommonUtilities:174 - End: Successfully clicked on element- By.xpath: //button[@type='submit']
2020-06-24 23:00:21,680  INFO [main] CommonUtilities:172 - Start: Trying to click element- By.xpath: //button[@ng-click='submit()']
2020-06-24 23:00:21,680  INFO [main] CommonUtilities:130 - 	Start: Trying to locate element- By.xpath: //button[@ng-click='submit()']
2020-06-24 23:00:26,693  INFO [main] CommonUtilities:134 - 	End: Successfully located element- By.xpath: //button[@ng-click='submit()']
2020-06-24 23:00:26,961  INFO [main] CommonUtilities:174 - End: Successfully clicked on element- By.xpath: //button[@ng-click='submit()']
2020-06-24 23:01:03,107  INFO [main] CommonUtilities:43 - Successfully Executed Test Case : validateBrokenLinks
2020-06-24 23:01:03,108  INFO [main] CommonUtilities:44 - ==============================================================
2020-06-24 23:01:03,109  INFO [main] CommonUtilities:261 - Start: Trying to close browser
2020-06-24 23:01:03,787  INFO [main] CommonUtilities:263 - End: Successfully closed browser
2020-06-24 23:01:03,790  INFO [main] CommonUtilities:49 - Start: Trying to invoke Chrome Browser
2020-06-24 23:01:06,784  INFO [main] CommonUtilities:57 - Finish: Successfully invoked Chrome Browser
2020-06-24 23:01:06,784  INFO [main] CommonUtilities:78 - Start: Trying to maximize browser
2020-06-24 23:01:07,920  INFO [main] CommonUtilities:80 - End: Successfully maximized browser window
2020-06-24 23:01:07,947  INFO [main] CommonUtilities:103 - Start: Trying to navigate to URL- https://edulence.knowledgelink.tv/
2020-06-24 23:01:13,182  INFO [main] CommonUtilities:105 - End: Successfully navigated to URL- https://edulence.knowledgelink.tv/
2020-06-24 23:01:13,183  INFO [main] CommonUtilities:36 - ==============================================================
2020-06-24 23:01:13,184  INFO [main] CommonUtilities:37 - Executing Test Case : validateUserLogin
2020-06-24 23:01:13,185  INFO [main] CommonUtilities:160 - Start: Trying to insert data- demo@knowledgelink.tv in field - By.id: email
2020-06-24 23:01:13,185  INFO [main] CommonUtilities:130 - 	Start: Trying to locate element- By.id: email
2020-06-24 23:01:13,901  INFO [main] CommonUtilities:134 - 	End: Successfully located element- By.id: email
2020-06-24 23:01:14,241  INFO [main] CommonUtilities:163 - End: Successfully inserted data- demo@knowledgelink.tv in field - By.id: email
2020-06-24 23:01:14,242  INFO [main] CommonUtilities:160 - Start: Trying to insert data- 79Edulence in field - By.id: password
2020-06-24 23:01:14,242  INFO [main] CommonUtilities:130 - 	Start: Trying to locate element- By.id: password
2020-06-24 23:01:14,285  INFO [main] CommonUtilities:134 - 	End: Successfully located element- By.id: password
2020-06-24 23:01:14,553  INFO [main] CommonUtilities:163 - End: Successfully inserted data- 79Edulence in field - By.id: password
2020-06-24 23:01:14,553  INFO [main] CommonUtilities:172 - Start: Trying to click element- By.xpath: //button[@type='submit']
2020-06-24 23:01:14,553  INFO [main] CommonUtilities:130 - 	Start: Trying to locate element- By.xpath: //button[@type='submit']
2020-06-24 23:01:14,594  INFO [main] CommonUtilities:134 - 	End: Successfully located element- By.xpath: //button[@type='submit']
2020-06-24 23:01:14,680  INFO [main] CommonUtilities:174 - End: Successfully clicked on element- By.xpath: //button[@type='submit']
2020-06-24 23:01:14,681  INFO [main] CommonUtilities:172 - Start: Trying to click element- By.xpath: //button[@ng-click='submit()']
2020-06-24 23:01:14,681  INFO [main] CommonUtilities:130 - 	Start: Trying to locate element- By.xpath: //button[@ng-click='submit()']
2020-06-24 23:01:19,687  INFO [main] CommonUtilities:134 - 	End: Successfully located element- By.xpath: //button[@ng-click='submit()']
2020-06-24 23:01:20,344  INFO [main] CommonUtilities:174 - End: Successfully clicked on element- By.xpath: //button[@ng-click='submit()']
2020-06-24 23:01:20,345  INFO [main] CommonUtilities:252 - Fetching the URL of the webpage
2020-06-24 23:01:20,686  INFO [main] CommonUtilities:43 - Successfully Executed Test Case : validateUserLogin
2020-06-24 23:01:20,687  INFO [main] CommonUtilities:44 - ==============================================================
2020-06-24 23:01:20,688  INFO [main] CommonUtilities:261 - Start: Trying to close browser
2020-06-24 23:01:22,354  INFO [main] CommonUtilities:263 - End: Successfully closed browser
2020-06-24 23:01:22,388  INFO [main] CommonUtilities:96 - Finished execution of Test Suite
2020-06-24 23:01:22,389  INFO [main] CommonUtilities:97 - ##############################################################
2020-06-24 23:01:22,451 DEBUG [main] cache:45 - Couldn't find template in cache for "Extent.ftl"("en_US", UTF-8, parsed); will try to load it.
2020-06-24 23:01:22,454 DEBUG [main] cache:45 - TemplateLoader.findTemplateSource("Extent_en_US.ftl"): Not found
2020-06-24 23:01:22,457 DEBUG [main] cache:45 - TemplateLoader.findTemplateSource("Extent_en.ftl"): Not found
2020-06-24 23:01:22,460 DEBUG [main] cache:45 - TemplateLoader.findTemplateSource("Extent.ftl"): Found
2020-06-24 23:01:22,461 DEBUG [main] cache:45 - Loading template for "Extent.ftl"("en_US", UTF-8, parsed) from "jar:file:/C:/Users/Piyush/.m2/repository/com/relevantcodes/extentreports/2.41.2/extentreports-2.41.2.jar!/com/relevantcodes/extentreports/view/Extent.ftl"
2020-06-24 23:04:49,190  INFO [main] CommonUtilities:25 - ##############################################################
2020-06-24 23:04:49,201  INFO [main] CommonUtilities:26 - Starting execution of Test Suite
2020-06-24 23:04:49,430  INFO [main] CommonUtilities:49 - Start: Trying to invoke Chrome Browser
2020-06-24 23:04:53,382  INFO [main] CommonUtilities:57 - Finish: Successfully invoked Chrome Browser
2020-06-24 23:04:53,382  INFO [main] CommonUtilities:78 - Start: Trying to maximize browser
2020-06-24 23:04:54,545  INFO [main] CommonUtilities:80 - End: Successfully maximized browser window
2020-06-24 23:04:54,572  INFO [main] CommonUtilities:103 - Start: Trying to navigate to URL- https://edulence.knowledgelink.tv/
2020-06-24 23:05:01,305  INFO [main] CommonUtilities:105 - End: Successfully navigated to URL- https://edulence.knowledgelink.tv/
2020-06-24 23:05:01,314  INFO [main] CommonUtilities:36 - ==============================================================
2020-06-24 23:05:01,315  INFO [main] CommonUtilities:37 - Executing Test Case : validateUserLoginElementsAreDisplayed
2020-06-24 23:05:01,326  INFO [main] CommonUtilities:130 - 	Start: Trying to locate element- By.id: email
2020-06-24 23:05:02,196  INFO [main] CommonUtilities:134 - 	End: Successfully located element- By.id: email
2020-06-24 23:05:02,279  INFO [main] CommonUtilities:130 - 	Start: Trying to locate element- By.id: password
2020-06-24 23:05:02,322  INFO [main] CommonUtilities:134 - 	End: Successfully located element- By.id: password
2020-06-24 23:05:02,378  INFO [main] CommonUtilities:43 - Successfully Executed Test Case : validateUserLoginElementsAreDisplayed
2020-06-24 23:05:02,378  INFO [main] CommonUtilities:44 - ==============================================================
2020-06-24 23:05:02,384  INFO [main] CommonUtilities:261 - Start: Trying to close browser
2020-06-24 23:05:03,970  INFO [main] CommonUtilities:263 - End: Successfully closed browser
2020-06-24 23:05:03,976  INFO [main] CommonUtilities:49 - Start: Trying to invoke Chrome Browser
2020-06-24 23:05:07,488  INFO [main] CommonUtilities:57 - Finish: Successfully invoked Chrome Browser
2020-06-24 23:05:07,489  INFO [main] CommonUtilities:78 - Start: Trying to maximize browser
2020-06-24 23:05:08,650  INFO [main] CommonUtilities:80 - End: Successfully maximized browser window
2020-06-24 23:05:08,668  INFO [main] CommonUtilities:103 - Start: Trying to navigate to URL- https://edulence.knowledgelink.tv/
2020-06-24 23:05:14,691  INFO [main] CommonUtilities:105 - End: Successfully navigated to URL- https://edulence.knowledgelink.tv/
2020-06-24 23:05:14,692  INFO [main] CommonUtilities:36 - ==============================================================
2020-06-24 23:05:14,692  INFO [main] CommonUtilities:37 - Executing Test Case : validateBrokenLinks
2020-06-24 23:05:14,693  INFO [main] CommonUtilities:160 - Start: Trying to insert data- demo@knowledgelink.tv in field - By.id: email
2020-06-24 23:05:14,694  INFO [main] CommonUtilities:130 - 	Start: Trying to locate element- By.id: email
2020-06-24 23:05:15,598  INFO [main] CommonUtilities:134 - 	End: Successfully located element- By.id: email
2020-06-24 23:05:16,167  INFO [main] CommonUtilities:163 - End: Successfully inserted data- demo@knowledgelink.tv in field - By.id: email
2020-06-24 23:05:16,167  INFO [main] CommonUtilities:160 - Start: Trying to insert data- 79Edulence in field - By.id: password
2020-06-24 23:05:16,168  INFO [main] CommonUtilities:130 - 	Start: Trying to locate element- By.id: password
2020-06-24 23:05:16,225  INFO [main] CommonUtilities:134 - 	End: Successfully located element- By.id: password
2020-06-24 23:05:16,510  INFO [main] CommonUtilities:163 - End: Successfully inserted data- 79Edulence in field - By.id: password
2020-06-24 23:05:16,511  INFO [main] CommonUtilities:172 - Start: Trying to click element- By.xpath: //button[@type='submit']
2020-06-24 23:05:16,511  INFO [main] CommonUtilities:130 - 	Start: Trying to locate element- By.xpath: //button[@type='submit']
2020-06-24 23:05:16,567  INFO [main] CommonUtilities:134 - 	End: Successfully located element- By.xpath: //button[@type='submit']
2020-06-24 23:05:16,657  INFO [main] CommonUtilities:174 - End: Successfully clicked on element- By.xpath: //button[@type='submit']
2020-06-24 23:05:16,657  INFO [main] CommonUtilities:172 - Start: Trying to click element- By.xpath: //button[@ng-click='submit()']
2020-06-24 23:05:16,658  INFO [main] CommonUtilities:130 - 	Start: Trying to locate element- By.xpath: //button[@ng-click='submit()']
2020-06-24 23:05:21,598  INFO [main] CommonUtilities:134 - 	End: Successfully located element- By.xpath: //button[@ng-click='submit()']
2020-06-24 23:05:22,340  INFO [main] CommonUtilities:174 - End: Successfully clicked on element- By.xpath: //button[@ng-click='submit()']
2020-06-24 23:05:47,436  INFO [main] CommonUtilities:43 - Successfully Executed Test Case : validateBrokenLinks
2020-06-24 23:05:47,437  INFO [main] CommonUtilities:44 - ==============================================================
2020-06-24 23:05:47,439  INFO [main] CommonUtilities:261 - Start: Trying to close browser
2020-06-24 23:05:49,393  INFO [main] CommonUtilities:263 - End: Successfully closed browser
2020-06-24 23:05:49,396  INFO [main] CommonUtilities:49 - Start: Trying to invoke Chrome Browser
2020-06-24 23:06:01,672  INFO [main] CommonUtilities:57 - Finish: Successfully invoked Chrome Browser
2020-06-24 23:06:01,673  INFO [main] CommonUtilities:78 - Start: Trying to maximize browser
2020-06-24 23:06:02,817  INFO [main] CommonUtilities:80 - End: Successfully maximized browser window
2020-06-24 23:06:02,834  INFO [main] CommonUtilities:103 - Start: Trying to navigate to URL- https://edulence.knowledgelink.tv/
2020-06-24 23:06:07,644  INFO [main] CommonUtilities:105 - End: Successfully navigated to URL- https://edulence.knowledgelink.tv/
2020-06-24 23:06:07,644  INFO [main] CommonUtilities:36 - ==============================================================
2020-06-24 23:06:07,644  INFO [main] CommonUtilities:37 - Executing Test Case : validateUserLogin
2020-06-24 23:06:07,645  INFO [main] CommonUtilities:160 - Start: Trying to insert data- demo@knowledgelink.tv in field - By.id: email
2020-06-24 23:06:07,645  INFO [main] CommonUtilities:130 - 	Start: Trying to locate element- By.id: email
2020-06-24 23:06:08,451  INFO [main] CommonUtilities:134 - 	End: Successfully located element- By.id: email
2020-06-24 23:06:08,799  INFO [main] CommonUtilities:163 - End: Successfully inserted data- demo@knowledgelink.tv in field - By.id: email
2020-06-24 23:06:08,800  INFO [main] CommonUtilities:160 - Start: Trying to insert data- 79Edulence in field - By.id: password
2020-06-24 23:06:08,801  INFO [main] CommonUtilities:130 - 	Start: Trying to locate element- By.id: password
2020-06-24 23:06:08,844  INFO [main] CommonUtilities:134 - 	End: Successfully located element- By.id: password
2020-06-24 23:06:09,065  INFO [main] CommonUtilities:163 - End: Successfully inserted data- 79Edulence in field - By.id: password
2020-06-24 23:06:09,066  INFO [main] CommonUtilities:172 - Start: Trying to click element- By.xpath: //button[@type='submit']
2020-06-24 23:06:09,066  INFO [main] CommonUtilities:130 - 	Start: Trying to locate element- By.xpath: //button[@type='submit']
2020-06-24 23:06:09,118  INFO [main] CommonUtilities:134 - 	End: Successfully located element- By.xpath: //button[@type='submit']
2020-06-24 23:06:09,220  INFO [main] CommonUtilities:174 - End: Successfully clicked on element- By.xpath: //button[@type='submit']
2020-06-24 23:06:09,220  INFO [main] CommonUtilities:172 - Start: Trying to click element- By.xpath: //button[@ng-click='submit()']
2020-06-24 23:06:09,221  INFO [main] CommonUtilities:130 - 	Start: Trying to locate element- By.xpath: //button[@ng-click='submit()']
2020-06-24 23:06:15,276  INFO [main] CommonUtilities:134 - 	End: Successfully located element- By.xpath: //button[@ng-click='submit()']
2020-06-24 23:06:15,635  INFO [main] CommonUtilities:174 - End: Successfully clicked on element- By.xpath: //button[@ng-click='submit()']
2020-06-24 23:06:15,635  INFO [main] CommonUtilities:252 - Fetching the URL of the webpage
2020-06-24 23:06:15,665  INFO [main] CommonUtilities:43 - Successfully Executed Test Case : validateUserLogin
2020-06-24 23:06:15,665  INFO [main] CommonUtilities:44 - ==============================================================
2020-06-24 23:06:15,666  INFO [main] CommonUtilities:261 - Start: Trying to close browser
2020-06-24 23:06:18,860  INFO [main] CommonUtilities:263 - End: Successfully closed browser
2020-06-24 23:06:18,890  INFO [main] CommonUtilities:96 - Finished execution of Test Suite
2020-06-24 23:06:18,890  INFO [main] CommonUtilities:97 - ##############################################################
2020-06-24 23:06:18,932 DEBUG [main] cache:45 - Couldn't find template in cache for "Extent.ftl"("en_US", UTF-8, parsed); will try to load it.
2020-06-24 23:06:18,934 DEBUG [main] cache:45 - TemplateLoader.findTemplateSource("Extent_en_US.ftl"): Not found
2020-06-24 23:06:18,937 DEBUG [main] cache:45 - TemplateLoader.findTemplateSource("Extent_en.ftl"): Not found
2020-06-24 23:06:18,938 DEBUG [main] cache:45 - TemplateLoader.findTemplateSource("Extent.ftl"): Found
2020-06-24 23:06:18,941 DEBUG [main] cache:45 - Loading template for "Extent.ftl"("en_US", UTF-8, parsed) from "jar:file:/C:/Users/Piyush/.m2/repository/com/relevantcodes/extentreports/2.41.2/extentreports-2.41.2.jar!/com/relevantcodes/extentreports/view/Extent.ftl"
2020-06-25 22:48:40,297  INFO [main] CommonUtilities:25 - ##############################################################
2020-06-25 22:48:40,329  INFO [main] CommonUtilities:26 - Starting execution of Test Suite
2020-06-25 22:48:40,573  INFO [main] CommonUtilities:49 - Start: Trying to invoke Chrome Browser
2020-06-25 22:48:51,938  INFO [main] CommonUtilities:57 - Finish: Successfully invoked Chrome Browser
2020-06-25 22:48:51,938  INFO [main] CommonUtilities:78 - Start: Trying to maximize browser
2020-06-25 22:48:53,209  INFO [main] CommonUtilities:80 - End: Successfully maximized browser window
2020-06-25 22:48:53,239  INFO [main] CommonUtilities:103 - Start: Trying to navigate to URL- https://edulence.knowledgelink.tv/
2020-06-25 22:48:58,453  INFO [main] CommonUtilities:105 - End: Successfully navigated to URL- https://edulence.knowledgelink.tv/
2020-06-25 22:48:58,474  INFO [main] CommonUtilities:36 - ==============================================================
2020-06-25 22:48:58,475  INFO [main] CommonUtilities:37 - Executing Test Case : validateUserLoginElementsAreDisplayed
2020-06-25 22:48:58,487  INFO [main] CommonUtilities:130 - 	Start: Trying to locate element- By.id: email
2020-06-25 22:48:58,938  INFO [main] CommonUtilities:134 - 	End: Successfully located element- By.id: email
2020-06-25 22:48:59,215  INFO [main] CommonUtilities:130 - 	Start: Trying to locate element- By.id: password
2020-06-25 22:48:59,259  INFO [main] CommonUtilities:134 - 	End: Successfully located element- By.id: password
2020-06-25 22:48:59,309  INFO [main] CommonUtilities:43 - Successfully Executed Test Case : validateUserLoginElementsAreDisplayed
2020-06-25 22:48:59,309  INFO [main] CommonUtilities:44 - ==============================================================
2020-06-25 22:48:59,315  INFO [main] CommonUtilities:261 - Start: Trying to close browser
2020-06-25 22:48:59,989  INFO [main] CommonUtilities:263 - End: Successfully closed browser
2020-06-25 22:48:59,994  INFO [main] CommonUtilities:49 - Start: Trying to invoke Chrome Browser
2020-06-25 22:49:03,063  INFO [main] CommonUtilities:57 - Finish: Successfully invoked Chrome Browser
2020-06-25 22:49:03,064  INFO [main] CommonUtilities:78 - Start: Trying to maximize browser
2020-06-25 22:49:04,234  INFO [main] CommonUtilities:80 - End: Successfully maximized browser window
2020-06-25 22:49:04,257  INFO [main] CommonUtilities:103 - Start: Trying to navigate to URL- https://edulence.knowledgelink.tv/
2020-06-25 22:49:08,818  INFO [main] CommonUtilities:105 - End: Successfully navigated to URL- https://edulence.knowledgelink.tv/
2020-06-25 22:49:08,819  INFO [main] CommonUtilities:36 - ==============================================================
2020-06-25 22:49:08,819  INFO [main] CommonUtilities:37 - Executing Test Case : validateBrokenLinks
2020-06-25 22:49:08,821  INFO [main] CommonUtilities:160 - Start: Trying to insert data- demo@knowledgelink.tv in field - By.id: email
2020-06-25 22:49:08,821  INFO [main] CommonUtilities:130 - 	Start: Trying to locate element- By.id: email
2020-06-25 22:49:09,694  INFO [main] CommonUtilities:134 - 	End: Successfully located element- By.id: email
2020-06-25 22:49:10,148  INFO [main] CommonUtilities:163 - End: Successfully inserted data- demo@knowledgelink.tv in field - By.id: email
2020-06-25 22:49:10,148  INFO [main] CommonUtilities:160 - Start: Trying to insert data- 79Edulence in field - By.id: password
2020-06-25 22:49:10,149  INFO [main] CommonUtilities:130 - 	Start: Trying to locate element- By.id: password
2020-06-25 22:49:10,196  INFO [main] CommonUtilities:134 - 	End: Successfully located element- By.id: password
2020-06-25 22:49:10,421  INFO [main] CommonUtilities:163 - End: Successfully inserted data- 79Edulence in field - By.id: password
2020-06-25 22:49:10,422  INFO [main] CommonUtilities:172 - Start: Trying to click element- By.xpath: //button[@type='submit']
2020-06-25 22:49:10,422  INFO [main] CommonUtilities:130 - 	Start: Trying to locate element- By.xpath: //button[@type='submit']
2020-06-25 22:49:10,506  INFO [main] CommonUtilities:134 - 	End: Successfully located element- By.xpath: //button[@type='submit']
2020-06-25 22:49:10,616  INFO [main] CommonUtilities:174 - End: Successfully clicked on element- By.xpath: //button[@type='submit']
2020-06-25 22:49:10,616  INFO [main] CommonUtilities:172 - Start: Trying to click element- By.xpath: //button[@ng-click='submit()']
2020-06-25 22:49:10,617  INFO [main] CommonUtilities:130 - 	Start: Trying to locate element- By.xpath: //button[@ng-click='submit()']
2020-06-25 22:49:18,271  INFO [main] CommonUtilities:134 - 	End: Successfully located element- By.xpath: //button[@ng-click='submit()']
2020-06-25 22:49:19,022  INFO [main] CommonUtilities:174 - End: Successfully clicked on element- By.xpath: //button[@ng-click='submit()']
2020-06-25 22:49:46,539  INFO [main] CommonUtilities:43 - Successfully Executed Test Case : validateBrokenLinks
2020-06-25 22:49:46,540  INFO [main] CommonUtilities:44 - ==============================================================
2020-06-25 22:49:46,541  INFO [main] CommonUtilities:261 - Start: Trying to close browser
2020-06-25 22:49:47,771  INFO [main] CommonUtilities:263 - End: Successfully closed browser
2020-06-25 22:49:47,775  INFO [main] CommonUtilities:49 - Start: Trying to invoke Chrome Browser
2020-06-25 22:49:50,727  INFO [main] CommonUtilities:57 - Finish: Successfully invoked Chrome Browser
2020-06-25 22:49:50,728  INFO [main] CommonUtilities:78 - Start: Trying to maximize browser
2020-06-25 22:49:51,885  INFO [main] CommonUtilities:80 - End: Successfully maximized browser window
2020-06-25 22:49:51,913  INFO [main] CommonUtilities:103 - Start: Trying to navigate to URL- https://edulence.knowledgelink.tv/
2020-06-25 22:49:56,554  INFO [main] CommonUtilities:105 - End: Successfully navigated to URL- https://edulence.knowledgelink.tv/
2020-06-25 22:49:56,556  INFO [main] CommonUtilities:36 - ==============================================================
2020-06-25 22:49:56,556  INFO [main] CommonUtilities:37 - Executing Test Case : validateUserLogin
2020-06-25 22:49:56,556  INFO [main] CommonUtilities:160 - Start: Trying to insert data- demo@knowledgelink.tv in field - By.id: email
2020-06-25 22:49:56,557  INFO [main] CommonUtilities:130 - 	Start: Trying to locate element- By.id: email
2020-06-25 22:49:57,524  INFO [main] CommonUtilities:134 - 	End: Successfully located element- By.id: email
2020-06-25 22:49:58,109  INFO [main] CommonUtilities:163 - End: Successfully inserted data- demo@knowledgelink.tv in field - By.id: email
2020-06-25 22:49:58,111  INFO [main] CommonUtilities:160 - Start: Trying to insert data- 79Edulence in field - By.id: password
2020-06-25 22:49:58,112  INFO [main] CommonUtilities:130 - 	Start: Trying to locate element- By.id: password
2020-06-25 22:49:58,166  INFO [main] CommonUtilities:134 - 	End: Successfully located element- By.id: password
2020-06-25 22:49:58,548  INFO [main] CommonUtilities:163 - End: Successfully inserted data- 79Edulence in field - By.id: password
2020-06-25 22:49:58,549  INFO [main] CommonUtilities:172 - Start: Trying to click element- By.xpath: //button[@type='submit']
2020-06-25 22:49:58,551  INFO [main] CommonUtilities:130 - 	Start: Trying to locate element- By.xpath: //button[@type='submit']
2020-06-25 22:49:58,616  INFO [main] CommonUtilities:134 - 	End: Successfully located element- By.xpath: //button[@type='submit']
2020-06-25 22:49:58,747  INFO [main] CommonUtilities:174 - End: Successfully clicked on element- By.xpath: //button[@type='submit']
2020-06-25 22:49:58,748  INFO [main] CommonUtilities:172 - Start: Trying to click element- By.xpath: //button[@ng-click='submit()']
2020-06-25 22:49:58,748  INFO [main] CommonUtilities:130 - 	Start: Trying to locate element- By.xpath: //button[@ng-click='submit()']
2020-06-25 22:50:03,974  INFO [main] CommonUtilities:134 - 	End: Successfully located element- By.xpath: //button[@ng-click='submit()']
2020-06-25 22:50:04,646  INFO [main] CommonUtilities:174 - End: Successfully clicked on element- By.xpath: //button[@ng-click='submit()']
2020-06-25 22:50:04,646  INFO [main] CommonUtilities:252 - Fetching the URL of the webpage
2020-06-25 22:50:04,679  INFO [main] CommonUtilities:43 - Successfully Executed Test Case : validateUserLogin
2020-06-25 22:50:04,681  INFO [main] CommonUtilities:44 - ==============================================================
2020-06-25 22:50:04,681  INFO [main] CommonUtilities:261 - Start: Trying to close browser
2020-06-25 22:50:05,444  INFO [main] CommonUtilities:263 - End: Successfully closed browser
2020-06-25 22:50:05,563  INFO [main] CommonUtilities:96 - Finished execution of Test Suite
2020-06-25 22:50:05,564  INFO [main] CommonUtilities:97 - ##############################################################
2020-06-25 22:50:05,662 DEBUG [main] cache:45 - Couldn't find template in cache for "Extent.ftl"("en_US", UTF-8, parsed); will try to load it.
2020-06-25 22:50:05,664 DEBUG [main] cache:45 - TemplateLoader.findTemplateSource("Extent_en_US.ftl"): Not found
2020-06-25 22:50:05,669 DEBUG [main] cache:45 - TemplateLoader.findTemplateSource("Extent_en.ftl"): Not found
2020-06-25 22:50:05,672 DEBUG [main] cache:45 - TemplateLoader.findTemplateSource("Extent.ftl"): Found
2020-06-25 22:50:05,673 DEBUG [main] cache:45 - Loading template for "Extent.ftl"("en_US", UTF-8, parsed) from "jar:file:/C:/Users/Piyush/.m2/repository/com/relevantcodes/extentreports/2.41.2/extentreports-2.41.2.jar!/com/relevantcodes/extentreports/view/Extent.ftl"
2020-06-25 22:51:31,335  INFO [main] CommonUtilities:25 - ##############################################################
2020-06-25 22:51:31,346  INFO [main] CommonUtilities:26 - Starting execution of Test Suite
2020-06-25 22:51:31,603  INFO [main] CommonUtilities:49 - Start: Trying to invoke Chrome Browser
2020-06-25 22:51:35,867  INFO [main] CommonUtilities:57 - Finish: Successfully invoked Chrome Browser
2020-06-25 22:51:35,867  INFO [main] CommonUtilities:78 - Start: Trying to maximize browser
2020-06-25 22:51:37,021  INFO [main] CommonUtilities:80 - End: Successfully maximized browser window
2020-06-25 22:51:37,051  INFO [main] CommonUtilities:103 - Start: Trying to navigate to URL- https://edulence.knowledgelink.tv/
2020-06-25 22:51:42,081  INFO [main] CommonUtilities:105 - End: Successfully navigated to URL- https://edulence.knowledgelink.tv/
2020-06-25 22:51:42,092  INFO [main] CommonUtilities:36 - ==============================================================
2020-06-25 22:51:42,092  INFO [main] CommonUtilities:37 - Executing Test Case : validateUserLoginElementsAreDisplayed
2020-06-25 22:51:42,106  INFO [main] CommonUtilities:130 - 	Start: Trying to locate element- By.id: email
2020-06-25 22:51:43,054  INFO [main] CommonUtilities:134 - 	End: Successfully located element- By.id: email
2020-06-25 22:51:43,129  INFO [main] CommonUtilities:130 - 	Start: Trying to locate element- By.id: password
2020-06-25 22:51:43,177  INFO [main] CommonUtilities:134 - 	End: Successfully located element- By.id: password
2020-06-25 22:51:43,228  INFO [main] CommonUtilities:43 - Successfully Executed Test Case : validateUserLoginElementsAreDisplayed
2020-06-25 22:51:43,228  INFO [main] CommonUtilities:44 - ==============================================================
2020-06-25 22:51:43,234  INFO [main] CommonUtilities:261 - Start: Trying to close browser
2020-06-25 22:51:43,946  INFO [main] CommonUtilities:263 - End: Successfully closed browser
2020-06-25 22:51:43,952  INFO [main] CommonUtilities:49 - Start: Trying to invoke Chrome Browser
2020-06-25 22:51:47,349  INFO [main] CommonUtilities:57 - Finish: Successfully invoked Chrome Browser
2020-06-25 22:51:47,350  INFO [main] CommonUtilities:78 - Start: Trying to maximize browser
2020-06-25 22:51:48,505  INFO [main] CommonUtilities:80 - End: Successfully maximized browser window
2020-06-25 22:51:48,535  INFO [main] CommonUtilities:103 - Start: Trying to navigate to URL- https://edulence.knowledgelink.tv/
2020-06-25 22:51:52,738  INFO [main] CommonUtilities:105 - End: Successfully navigated to URL- https://edulence.knowledgelink.tv/
2020-06-25 22:51:52,739  INFO [main] CommonUtilities:36 - ==============================================================
2020-06-25 22:51:52,739  INFO [main] CommonUtilities:37 - Executing Test Case : validateBrokenLinks
2020-06-25 22:51:52,740  INFO [main] CommonUtilities:160 - Start: Trying to insert data- demo@knowledgelink.tv in field - By.id: email
2020-06-25 22:51:52,741  INFO [main] CommonUtilities:130 - 	Start: Trying to locate element- By.id: email
2020-06-25 22:51:53,635  INFO [main] CommonUtilities:134 - 	End: Successfully located element- By.id: email
2020-06-25 22:51:54,099  INFO [main] CommonUtilities:163 - End: Successfully inserted data- demo@knowledgelink.tv in field - By.id: email
2020-06-25 22:51:54,099  INFO [main] CommonUtilities:160 - Start: Trying to insert data- 79Edulence in field - By.id: password
2020-06-25 22:51:54,100  INFO [main] CommonUtilities:130 - 	Start: Trying to locate element- By.id: password
2020-06-25 22:51:54,155  INFO [main] CommonUtilities:134 - 	End: Successfully located element- By.id: password
2020-06-25 22:51:54,478  INFO [main] CommonUtilities:163 - End: Successfully inserted data- 79Edulence in field - By.id: password
2020-06-25 22:51:54,479  INFO [main] CommonUtilities:172 - Start: Trying to click element- By.xpath: //button[@type='submit']
2020-06-25 22:51:54,479  INFO [main] CommonUtilities:130 - 	Start: Trying to locate element- By.xpath: //button[@type='submit']
2020-06-25 22:51:54,531  INFO [main] CommonUtilities:134 - 	End: Successfully located element- By.xpath: //button[@type='submit']
2020-06-25 22:51:54,655  INFO [main] CommonUtilities:174 - End: Successfully clicked on element- By.xpath: //button[@type='submit']
2020-06-25 22:51:54,655  INFO [main] CommonUtilities:172 - Start: Trying to click element- By.xpath: //button[@ng-click='submit()']
2020-06-25 22:51:54,656  INFO [main] CommonUtilities:130 - 	Start: Trying to locate element- By.xpath: //button[@ng-click='submit()']
2020-06-25 22:51:59,545  INFO [main] CommonUtilities:134 - 	End: Successfully located element- By.xpath: //button[@ng-click='submit()']
2020-06-25 22:52:00,268  INFO [main] CommonUtilities:174 - End: Successfully clicked on element- By.xpath: //button[@ng-click='submit()']
2020-06-25 22:52:23,901  INFO [main] CommonUtilities:43 - Successfully Executed Test Case : validateBrokenLinks
2020-06-25 22:52:23,902  INFO [main] CommonUtilities:44 - ==============================================================
2020-06-25 22:52:23,903  INFO [main] CommonUtilities:261 - Start: Trying to close browser
2020-06-25 22:52:24,561  INFO [main] CommonUtilities:263 - End: Successfully closed browser
2020-06-25 22:52:24,564  INFO [main] CommonUtilities:49 - Start: Trying to invoke Chrome Browser
2020-06-25 22:52:27,634  INFO [main] CommonUtilities:57 - Finish: Successfully invoked Chrome Browser
2020-06-25 22:52:27,635  INFO [main] CommonUtilities:78 - Start: Trying to maximize browser
2020-06-25 22:52:28,780  INFO [main] CommonUtilities:80 - End: Successfully maximized browser window
2020-06-25 22:52:28,807  INFO [main] CommonUtilities:103 - Start: Trying to navigate to URL- https://edulence.knowledgelink.tv/
2020-06-25 22:52:36,733  INFO [main] CommonUtilities:105 - End: Successfully navigated to URL- https://edulence.knowledgelink.tv/
2020-06-25 22:52:36,734  INFO [main] CommonUtilities:36 - ==============================================================
2020-06-25 22:52:36,735  INFO [main] CommonUtilities:37 - Executing Test Case : validateUserLogin
2020-06-25 22:52:36,735  INFO [main] CommonUtilities:160 - Start: Trying to insert data- demo@knowledgelink.tv in field - By.id: email
2020-06-25 22:52:36,736  INFO [main] CommonUtilities:130 - 	Start: Trying to locate element- By.id: email
2020-06-25 22:52:37,668  INFO [main] CommonUtilities:134 - 	End: Successfully located element- By.id: email
2020-06-25 22:52:38,014  INFO [main] CommonUtilities:163 - End: Successfully inserted data- demo@knowledgelink.tv in field - By.id: email
2020-06-25 22:52:38,015  INFO [main] CommonUtilities:160 - Start: Trying to insert data- 79Edulence in field - By.id: password
2020-06-25 22:52:38,015  INFO [main] CommonUtilities:130 - 	Start: Trying to locate element- By.id: password
2020-06-25 22:52:38,059  INFO [main] CommonUtilities:134 - 	End: Successfully located element- By.id: password
2020-06-25 22:52:38,294  INFO [main] CommonUtilities:163 - End: Successfully inserted data- 79Edulence in field - By.id: password
2020-06-25 22:52:38,295  INFO [main] CommonUtilities:172 - Start: Trying to click element- By.xpath: //button[@type='submit']
2020-06-25 22:52:38,295  INFO [main] CommonUtilities:130 - 	Start: Trying to locate element- By.xpath: //button[@type='submit']
2020-06-25 22:52:38,350  INFO [main] CommonUtilities:134 - 	End: Successfully located element- By.xpath: //button[@type='submit']
2020-06-25 22:52:38,444  INFO [main] CommonUtilities:174 - End: Successfully clicked on element- By.xpath: //button[@type='submit']
2020-06-25 22:52:38,444  INFO [main] CommonUtilities:172 - Start: Trying to click element- By.xpath: //button[@ng-click='submit()']
2020-06-25 22:52:38,444  INFO [main] CommonUtilities:130 - 	Start: Trying to locate element- By.xpath: //button[@ng-click='submit()']
2020-06-25 22:52:43,144  INFO [main] CommonUtilities:134 - 	End: Successfully located element- By.xpath: //button[@ng-click='submit()']
2020-06-25 22:52:43,811  INFO [main] CommonUtilities:174 - End: Successfully clicked on element- By.xpath: //button[@ng-click='submit()']
2020-06-25 22:52:43,811  INFO [main] CommonUtilities:252 - Fetching the URL of the webpage
2020-06-25 22:52:43,838  INFO [main] CommonUtilities:43 - Successfully Executed Test Case : validateUserLogin
2020-06-25 22:52:43,838  INFO [main] CommonUtilities:44 - ==============================================================
2020-06-25 22:52:43,839  INFO [main] CommonUtilities:261 - Start: Trying to close browser
2020-06-25 22:52:44,510  INFO [main] CommonUtilities:263 - End: Successfully closed browser
2020-06-25 22:52:44,536  INFO [main] CommonUtilities:96 - Finished execution of Test Suite
2020-06-25 22:52:44,538  INFO [main] CommonUtilities:97 - ##############################################################
2020-06-25 22:52:44,581 DEBUG [main] cache:45 - Couldn't find template in cache for "Extent.ftl"("en_US", UTF-8, parsed); will try to load it.
2020-06-25 22:52:44,584 DEBUG [main] cache:45 - TemplateLoader.findTemplateSource("Extent_en_US.ftl"): Not found
2020-06-25 22:52:44,586 DEBUG [main] cache:45 - TemplateLoader.findTemplateSource("Extent_en.ftl"): Not found
2020-06-25 22:52:44,588 DEBUG [main] cache:45 - TemplateLoader.findTemplateSource("Extent.ftl"): Found
2020-06-25 22:52:44,589 DEBUG [main] cache:45 - Loading template for "Extent.ftl"("en_US", UTF-8, parsed) from "jar:file:/C:/Users/Piyush/.m2/repository/com/relevantcodes/extentreports/2.41.2/extentreports-2.41.2.jar!/com/relevantcodes/extentreports/view/Extent.ftl"
